<?xml version="1.0" encoding="UTF-8"?>
<!-- Generated by org.testng.reporters.JUnitReportReporter -->
<testsuite hostname="LAPTOP-Q01D263N" failures="0" tests="1" name="Tests.ProductSearchTest" time="28.179" errors="0" timestamp="2025-08-02T15:09:26 EET" skipped="0">
  <testcase classname="Tests.ProductSearchTest" name="testSearchAndAddToCart" time="28.179"/>
</testsuite> <!-- Tests.ProductSearchTest -->
