<?xml version="1.0" encoding="UTF-8"?>
<!-- Generated by org.testng.reporters.JUnitReportReporter -->
<testsuite hostname="LAPTOP-Q01D263N" failures="0" tests="1" name="Tests.CheckoutPageTest" time="19.403" errors="0" timestamp="2025-08-03T18:34:10 EET" skipped="0">
  <testcase classname="Tests.CheckoutPageTest" name="loginFirst" time="19.403"/>
</testsuite> <!-- Tests.CheckoutPageTest -->
