<?xml version="1.0" encoding="UTF-8"?>
<!-- Generated by org.testng.reporters.JUnitReportReporter -->
<testsuite hostname="LAPTOP-Q01D263N" failures="0" tests="1" name="Tests.PaymentPageTest" time="29.446" errors="0" timestamp="2025-08-03T19:01:21 EET" skipped="0">
  <testcase classname="Tests.PaymentPageTest" name="testCompleteOrder" time="29.446"/>
</testsuite> <!-- Tests.PaymentPageTest -->
